<?xml version="1.0" encoding="UTF-8"?>
<testng-results ignored="0" total="0" passed="0" failed="0" skipped="0">
  <reporter-output>
  </reporter-output>
  <suite started-at="2023-11-03T18:26:15 IST" name="Default suite" finished-at="2023-11-03T18:26:15 IST" duration-ms="346">
    <groups>
      <group name="cucumber">
        <method signature="AbstractTestNGCucumberTests.runScenario(io.cucumber.testng.PickleWrapper,io.cucumber.testng.FeatureWrapper)[pri:0, instance:Orange2.Report_file$ren@221a3fa4]" name="runScenario" class="io.cucumber.testng.AbstractTestNGCucumberTests"/>
      </group> <!-- cucumber -->
    </groups>
    <test started-at="2023-11-03T18:26:15 IST" name="Default test" finished-at="2023-11-03T18:26:15 IST" duration-ms="346">
      <class name="Orange2.Report_file$ren">
        <test-method is-config="true" signature="setUpClass(org.testng.ITestContext)[pri:0, instance:Orange2.Report_file$ren@221a3fa4]" started-at="2023-11-03T18:26:15 IST" name="setUpClass" finished-at="2023-11-03T18:26:15 IST" duration-ms="303" status="PASS">
          <params>
            <param index="0">
              <value>
                <![CDATA[org.testng.TestRunner@69653e16]]>
              </value>
            </param>
          </params>
          <reporter-output>
          </reporter-output>
        </test-method> <!-- setUpClass -->
        <test-method is-config="true" signature="tearDownClass()[pri:0, instance:Orange2.Report_file$ren@221a3fa4]" started-at="2023-11-03T18:26:15 IST" name="tearDownClass" finished-at="2023-11-03T18:26:15 IST" duration-ms="2" status="PASS">
          <reporter-output>
          </reporter-output>
        </test-method> <!-- tearDownClass -->
      </class> <!-- Orange2.Report_file$ren -->
    </test> <!-- Default test -->
  </suite> <!-- Default suite -->
</testng-results>
